<?xml version="1.0" encoding="UTF-8"?>
<!-- Generated by org.testng.reporters.JUnitReportReporter -->
<testsuite skipped="0" hostname="NOLAPF2LGFWS063" name="com.qa.test.VehicleStore" tests="4" failures="0" timestamp="10 Jul 2020 10:08:50 GMT" time="36.890" errors="0">
  <testcase name="verifyPageTitle" time="8.908" classname="com.qa.test.VehicleStore"/>
  <testcase name="verifySubmitButton" time="12.812" classname="com.qa.test.VehicleStore"/>
  <testcase name="verifyHomePageHeader" time="7.450" classname="com.qa.test.VehicleStore"/>
  <testcase name="verifyVehicleListOfValues" time="7.720" classname="com.qa.test.VehicleStore"/>
</testsuite> <!-- com.qa.test.VehicleStore -->
